#
# A fatal error has been detected by the Java Runtime Environment:
#
#  EXCEPTION_ACCESS_VIOLATION (0xc0000005) at pc=0x0000000053b425a4, pid=7372, tid=8012
#
# JRE version: Java(TM) SE Runtime Environment (7.0_55-b13) (build 1.7.0_55-b13)
# Java VM: Java HotSpot(TM) 64-Bit Server VM (24.55-b03 mixed mode windows-amd64 compressed oops)
# Problematic frame:
# C  [jdwp.dll+0x225a4]
#
# Failed to write core dump. Minidumps are not enabled by default on client versions of Windows
#
# If you would like to submit a bug report, please visit:
#   http://bugreport.sun.com/bugreport/crash.jsp
# The crash happened outside the Java Virtual Machine in native code.
# See problematic frame for where to report the bug.
#

---------------  T H R E A D  ---------------

Current thread (0x000000000848b000):  JavaThread "JDWP Command Reader" daemon [_thread_in_native, id=8012, stack(0x000000000a9d0000,0x000000000aad0000)]

siginfo: ExceptionCode=0xc0000005, reading address 0x0000000000000000

Registers:
RAX=0x0000000053b4f590, RBX=0x000000000000000c, RCX=0x0000000000000000, RDX=0x0000000000000028
RSP=0x000000000aacf320, RBP=0x0000000053b49338, RSI=0x0000000000000004, RDI=0x0000000053af33c0
R8 =0x000000000aacf388, R9 =0x7eff06fdfc77ff6b, R10=0x81010101010100f8, R11=0x8101010101010100
R12=0x000000000846aea0, R13=0x000000000846b278, R14=0x0000000000000000, R15=0x0000000053b49328
RIP=0x0000000053b425a4, EFLAGS=0x0000000000010206

Top of Stack: (sp=0x000000000aacf320)
0x000000000aacf320:   0000000000000000 00000000023da4a0
0x000000000aacf330:   00000000003a53f0 00000000533de476
0x000000000aacf340:   000000000848b000 0000000053af23b8
0x000000000aacf350:   0000000000000000 000007fefd7936e7
0x000000000aacf360:   0000000053b49328 0000000000000000
0x000000000aacf370:   0000000053af33c0 0000000053af108e
0x000000000aacf380:   000000000000000c 000007fefd793776
0x000000000aacf390:   0000000000000004 00000000023da4a0
0x000000000aacf3a0:   7075727265746e49 636e756620646574
0x000000000aacf3b0:   6c6163206e6f6974 000007fefd79006c
0x000000000aacf3c0:   0000000000000000 00000000023e1260
0x000000000aacf3d0:   000000000aacf440 0000000000000000
0x000000000aacf3e0:   0000000000000020 000007fefd781649
0x000000000aacf3f0:   0000000008481f80 0000000053446942
0x000000000aacf400:   000000000848b000 0000000000000000
0x000000000aacf410:   000000000aacf4a8 0000000000000000 

Instructions: (pc=0x0000000053b425a4)
0x0000000053b42584:   83 ec 50 48 63 d1 85 c9 75 07 33 c0 e9 84 00 00
0x0000000053b42594:   00 48 8b 05 3c d7 00 00 4c 8d 44 24 68 48 8b 08
0x0000000053b425a4:   48 8b 01 ff 90 68 01 00 00 8b f8 85 c0 74 61 8b
0x0000000053b425b4:   c8 e8 1a cd fe ff 48 8b d8 ff 15 65 4c 00 00 c7 


Register to memory mapping:

RAX=0x0000000053b4f590 is an unknown value
RBX=0x000000000000000c is an unknown value
RCX=0x0000000000000000 is an unknown value
RDX=0x0000000000000028 is an unknown value
RSP=0x000000000aacf320 is pointing into the stack for thread: 0x000000000848b000
RBP=0x0000000053b49338 is an unknown value
RSI=0x0000000000000004 is an unknown value
RDI=0x0000000053af33c0 is an unknown value
R8 =0x000000000aacf388 is pointing into the stack for thread: 0x000000000848b000
R9 =0x7eff06fdfc77ff6b is an unknown value
R10=0x81010101010100f8 is an unknown value
R11=0x8101010101010100 is an unknown value
R12=0x000000000846aea0 is an unknown value
R13=0x000000000846b278 is an unknown value
R14=0x0000000000000000 is an unknown value
R15=0x0000000053b49328 is an unknown value


Stack: [0x000000000a9d0000,0x000000000aad0000],  sp=0x000000000aacf320,  free space=1020k
Native frames: (J=compiled Java code, j=interpreted, Vv=VM code, C=native code)
C  [jdwp.dll+0x225a4]


---------------  P R O C E S S  ---------------

Java Threads: ( => current thread )
  0x000000000aade800 JavaThread "Service Thread" daemon [_thread_blocked, id=2944, stack(0x000000000b0a0000,0x000000000b1a0000)]
  0x000000000aadc800 JavaThread "C2 CompilerThread1" daemon [_thread_blocked, id=4908, stack(0x000000000af50000,0x000000000b050000)]
  0x000000000848c000 JavaThread "C2 CompilerThread0" daemon [_thread_blocked, id=7396, stack(0x000000000a880000,0x000000000a980000)]
=>0x000000000848b000 JavaThread "JDWP Command Reader" daemon [_thread_in_native, id=8012, stack(0x000000000a9d0000,0x000000000aad0000)]
  0x0000000008484000 JavaThread "JDWP Event Helper Thread" daemon [_thread_blocked, id=7360, stack(0x000000000a730000,0x000000000a830000)]
  0x0000000008480000 JavaThread "JDWP Transport Listener: dt_socket" daemon [_thread_blocked, id=7528, stack(0x000000000a570000,0x000000000a670000)]
  0x000000000846f800 JavaThread "Attach Listener" daemon [_thread_blocked, id=7424, stack(0x0000000009bc0000,0x0000000009cc0000)]
  0x0000000008468800 JavaThread "Signal Dispatcher" daemon [_thread_blocked, id=7724, stack(0x0000000009a00000,0x0000000009b00000)]
  0x0000000008418800 JavaThread "Finalizer" daemon [_thread_blocked, id=7816, stack(0x00000000098c0000,0x00000000099c0000)]
  0x000000000840d800 JavaThread "Reference Handler" daemon [_thread_blocked, id=6424, stack(0x00000000096e0000,0x00000000097e0000)]
  0x00000000021d8000 JavaThread "main" [_thread_blocked, id=7648, stack(0x0000000002510000,0x0000000002610000)]

Other Threads:
  0x0000000008408000 VMThread [stack: 0x00000000095b0000,0x00000000096b0000] [id=2808]

VM state:at safepoint (normal execution)

VM Mutex/Monitor currently owned by a thread:  ([mutex/lock_event])
[0x00000000002fce20] Threads_lock - owner thread: 0x0000000008408000

Heap
 PSYoungGen      total 228864K, used 8211K [0x00000000eab00000, 0x00000000fa700000, 0x0000000100000000)
  eden space 206336K, 3% used [0x00000000eab00000,0x00000000eb304e88,0x00000000f7480000)
  from space 22528K, 0% used [0x00000000f7480000,0x00000000f7480000,0x00000000f8a80000)
  to   space 22016K, 0% used [0x00000000f9180000,0x00000000f9180000,0x00000000fa700000)
 ParOldGen       total 47616K, used 31703K [0x00000000c0200000, 0x00000000c3080000, 0x00000000eab00000)
  object space 47616K, 66% used [0x00000000c0200000,0x00000000c20f5d38,0x00000000c3080000)
 PSPermGen       total 36864K, used 18237K [0x00000000bb000000, 0x00000000bd400000, 0x00000000c0200000)
  object space 36864K, 49% used [0x00000000bb000000,0x00000000bc1cf4d8,0x00000000bd400000)

Card table byte_map: [0x0000000005610000,0x0000000005840000] byte_map_base: 0x0000000005038000

Polling page: 0x0000000000220000

Code Cache  [0x0000000002610000, 0x0000000002940000, 0x0000000005610000)
 total_blobs=1142 nmethods=849 adapters=253 free_code_cache=46029Kb largest_free_block=47032000

Compilation events (10 events):
Event: 19.909 Thread 0x000000000aadc800 nmethod 909 0x00000000028991d0 code [0x0000000002899300, 0x00000000028993d8]
Event: 19.919 Thread 0x000000000848c000 nmethod 910 0x0000000002851790 code [0x0000000002851920, 0x0000000002852110]
Event: 20.219 Thread 0x000000000aadc800  911 % !         java.io.BufferedReader::readLine @ 131 (304 bytes)
Event: 20.241 Thread 0x000000000aadc800 nmethod 911% 0x000000000274aed0 code [0x000000000274b0a0, 0x000000000274c920]
Event: 20.242 Thread 0x000000000848c000  912   !         java.io.BufferedReader::readLine (304 bytes)
Event: 20.262 Thread 0x000000000848c000 nmethod 912 0x0000000002896590 code [0x0000000002896760, 0x00000000028980c0]
Event: 20.521 Thread 0x000000000aadc800  913             sun.nio.cs.SingleByte$Encoder::encodeArrayLoop (236 bytes)
Event: 20.530 Thread 0x000000000848c000  914             sun.nio.cs.SingleByte$Encoder::encode (32 bytes)
Event: 20.531 Thread 0x000000000848c000 nmethod 914 0x0000000002851390 code [0x00000000028514e0, 0x0000000002851658]
Event: 20.534 Thread 0x000000000aadc800 nmethod 913 0x00000000027bc810 code [0x00000000027bc9c0, 0x00000000027bd300]

GC Heap History (10 events):
Event: 3.778 GC heap before
{Heap before GC invocations=8 (full 0):
 PSYoungGen      total 74752K, used 74752K [0x00000000eab00000, 0x00000000f4000000, 0x0000000100000000)
  eden space 67584K, 100% used [0x00000000eab00000,0x00000000eed00000,0x00000000eed00000)
  from space 7168K, 100% used [0x00000000eed00000,0x00000000ef400000,0x00000000ef400000)
  to   space 8704K, 0% used [0x00000000f3780000,0x00000000f3780000,0x00000000f4000000)
 ParOldGen       total 43520K, used 9263K [0x00000000c0200000, 0x00000000c2c80000, 0x00000000eab00000)
  object space 43520K, 21% used [0x00000000c0200000,0x00000000c0b0be60,0x00000000c2c80000)
 PSPermGen       total 21504K, used 12482K [0x00000000bb000000, 0x00000000bc500000, 0x00000000c0200000)
  object space 21504K, 58% used [0x00000000bb000000,0x00000000bbc30818,0x00000000bc500000)
Event: 3.792 GC heap after
Heap after GC invocations=8 (full 0):
 PSYoungGen      total 142336K, used 8704K [0x00000000eab00000, 0x00000000f4300000, 0x0000000100000000)
  eden space 133632K, 0% used [0x00000000eab00000,0x00000000eab00000,0x00000000f2d80000)
  from space 8704K, 100% used [0x00000000f3780000,0x00000000f4000000,0x00000000f4000000)
  to   space 10240K, 0% used [0x00000000f2d80000,0x00000000f2d80000,0x00000000f3780000)
 ParOldGen       total 43520K, used 10685K [0x00000000c0200000, 0x00000000c2c80000, 0x00000000eab00000)
  object space 43520K, 24% used [0x00000000c0200000,0x00000000c0c6f680,0x00000000c2c80000)
 PSPermGen       total 21504K, used 12482K [0x00000000bb000000, 0x00000000bc500000, 0x00000000c0200000)
  object space 21504K, 58% used [0x00000000bb000000,0x00000000bbc30818,0x00000000bc500000)
}
Event: 5.562 GC heap before
{Heap before GC invocations=9 (full 0):
 PSYoungGen      total 142336K, used 142336K [0x00000000eab00000, 0x00000000f4300000, 0x0000000100000000)
  eden space 133632K, 100% used [0x00000000eab00000,0x00000000f2d80000,0x00000000f2d80000)
  from space 8704K, 100% used [0x00000000f3780000,0x00000000f4000000,0x00000000f4000000)
  to   space 10240K, 0% used [0x00000000f2d80000,0x00000000f2d80000,0x00000000f3780000)
 ParOldGen       total 43520K, used 10685K [0x00000000c0200000, 0x00000000c2c80000, 0x00000000eab00000)
  object space 43520K, 24% used [0x00000000c0200000,0x00000000c0c6f680,0x00000000c2c80000)
 PSPermGen       total 21504K, used 16704K [0x00000000bb000000, 0x00000000bc500000, 0x00000000c0200000)
  object space 21504K, 77% used [0x00000000bb000000,0x00000000bc0500a0,0x00000000bc500000)
Event: 5.581 GC heap after
Heap after GC invocations=9 (full 0):
 PSYoungGen      total 143872K, used 10234K [0x00000000eab00000, 0x00000000f9900000, 0x0000000100000000)
  eden space 133632K, 0% used [0x00000000eab00000,0x00000000eab00000,0x00000000f2d80000)
  from space 10240K, 99% used [0x00000000f2d80000,0x00000000f377eba0,0x00000000f3780000)
  to   space 14848K, 0% used [0x00000000f8a80000,0x00000000f8a80000,0x00000000f9900000)
 ParOldGen       total 43520K, used 18450K [0x00000000c0200000, 0x00000000c2c80000, 0x00000000eab00000)
  object space 43520K, 42% used [0x00000000c0200000,0x00000000c1404998,0x00000000c2c80000)
 PSPermGen       total 21504K, used 16704K [0x00000000bb000000, 0x00000000bc500000, 0x00000000c0200000)
  object space 21504K, 77% used [0x00000000bb000000,0x00000000bc0500a0,0x00000000bc500000)
}
Event: 6.724 GC heap before
{Heap before GC invocations=10 (full 0):
 PSYoungGen      total 143872K, used 143866K [0x00000000eab00000, 0x00000000f9900000, 0x0000000100000000)
  eden space 133632K, 100% used [0x00000000eab00000,0x00000000f2d80000,0x00000000f2d80000)
  from space 10240K, 99% used [0x00000000f2d80000,0x00000000f377eba0,0x00000000f3780000)
  to   space 14848K, 0% used [0x00000000f8a80000,0x00000000f8a80000,0x00000000f9900000)
 ParOldGen       total 43520K, used 18450K [0x00000000c0200000, 0x00000000c2c80000, 0x00000000eab00000)
  object space 43520K, 42% used [0x00000000c0200000,0x00000000c1404998,0x00000000c2c80000)
 PSPermGen       total 21504K, used 17681K [0x00000000bb000000, 0x00000000bc500000, 0x00000000c0200000)
  object space 21504K, 82% used [0x00000000bb000000,0x00000000bc1447c8,0x00000000bc500000)
Event: 6.776 GC heap after
Heap after GC invocations=10 (full 0):
 PSYoungGen      total 221184K, used 14840K [0x00000000eab00000, 0x00000000fa800000, 0x0000000100000000)
  eden space 206336K, 0% used [0x00000000eab00000,0x00000000eab00000,0x00000000f7480000)
  from space 14848K, 99% used [0x00000000f8a80000,0x00000000f98fe0c0,0x00000000f9900000)
  to   space 22528K, 0% used [0x00000000f7480000,0x00000000f7480000,0x00000000f8a80000)
 ParOldGen       total 43520K, used 32541K [0x00000000c0200000, 0x00000000c2c80000, 0x00000000eab00000)
  object space 43520K, 74% used [0x00000000c0200000,0x00000000c21c7408,0x00000000c2c80000)
 PSPermGen       total 21504K, used 17681K [0x00000000bb000000, 0x00000000bc500000, 0x00000000c0200000)
  object space 21504K, 82% used [0x00000000bb000000,0x00000000bc1447c8,0x00000000bc500000)
}
Event: 171.640 GC heap before
{Heap before GC invocations=11 (full 0):
 PSYoungGen      total 221184K, used 47605K [0x00000000eab00000, 0x00000000fa800000, 0x0000000100000000)
  eden space 206336K, 15% used [0x00000000eab00000,0x00000000ecaff6d8,0x00000000f7480000)
  from space 14848K, 99% used [0x00000000f8a80000,0x00000000f98fe0c0,0x00000000f9900000)
  to   space 22528K, 0% used [0x00000000f7480000,0x00000000f7480000,0x00000000f8a80000)
 ParOldGen       total 43520K, used 32541K [0x00000000c0200000, 0x00000000c2c80000, 0x00000000eab00000)
  object space 43520K, 74% used [0x00000000c0200000,0x00000000c21c7408,0x00000000c2c80000)
 PSPermGen       total 21504K, used 18251K [0x00000000bb000000, 0x00000000bc500000, 0x00000000c0200000)
  object space 21504K, 84% used [0x00000000bb000000,0x00000000bc1d2fb0,0x00000000bc500000)
Event: 171.682 GC heap after
Heap after GC invocations=11 (full 0):
 PSYoungGen      total 228864K, used 3168K [0x00000000eab00000, 0x00000000fa700000, 0x0000000100000000)
  eden space 206336K, 0% used [0x00000000eab00000,0x00000000eab00000,0x00000000f7480000)
  from space 22528K, 14% used [0x00000000f7480000,0x00000000f77981f0,0x00000000f8a80000)
  to   space 22016K, 0% used [0x00000000f9180000,0x00000000f9180000,0x00000000fa700000)
 ParOldGen       total 47616K, used 47251K [0x00000000c0200000, 0x00000000c3080000, 0x00000000eab00000)
  object space 47616K, 99% used [0x00000000c0200000,0x00000000c3024fd8,0x00000000c3080000)
 PSPermGen       total 21504K, used 18251K [0x00000000bb000000, 0x00000000bc500000, 0x00000000c0200000)
  object space 21504K, 84% used [0x00000000bb000000,0x00000000bc1d2fb0,0x00000000bc500000)
}
Event: 171.682 GC heap before
{Heap before GC invocations=12 (full 1):
 PSYoungGen      total 228864K, used 3168K [0x00000000eab00000, 0x00000000fa700000, 0x0000000100000000)
  eden space 206336K, 0% used [0x00000000eab00000,0x00000000eab00000,0x00000000f7480000)
  from space 22528K, 14% used [0x00000000f7480000,0x00000000f77981f0,0x00000000f8a80000)
  to   space 22016K, 0% used [0x00000000f9180000,0x00000000f9180000,0x00000000fa700000)
 ParOldGen       total 47616K, used 47251K [0x00000000c0200000, 0x00000000c3080000, 0x00000000eab00000)
  object space 47616K, 99% used [0x00000000c0200000,0x00000000c3024fd8,0x00000000c3080000)
 PSPermGen       total 21504K, used 18251K [0x00000000bb000000, 0x00000000bc500000, 0x00000000c0200000)
  object space 21504K, 84% used [0x00000000bb000000,0x00000000bc1d2fb0,0x00000000bc500000)
Event: 171.879 GC heap after
Heap after GC invocations=12 (full 1):
 PSYoungGen      total 228864K, used 0K [0x00000000eab00000, 0x00000000fa700000, 0x0000000100000000)
  eden space 206336K, 0% used [0x00000000eab00000,0x00000000eab00000,0x00000000f7480000)
  from space 22528K, 0% used [0x00000000f7480000,0x00000000f7480000,0x00000000f8a80000)
  to   space 22016K, 0% used [0x00000000f9180000,0x00000000f9180000,0x00000000fa700000)
 ParOldGen       total 47616K, used 31703K [0x00000000c0200000, 0x00000000c3080000, 0x00000000eab00000)
  object space 47616K, 66% used [0x00000000c0200000,0x00000000c20f5d38,0x00000000c3080000)
 PSPermGen       total 36864K, used 18237K [0x00000000bb000000, 0x00000000bd400000, 0x00000000c0200000)
  object space 36864K, 49% used [0x00000000bb000000,0x00000000bc1cf4d8,0x00000000bd400000)
}

Deoptimization events (10 events):
Event: 7.150 Thread 0x00000000021d8000 Uncommon trap: reason=unreached action=reinterpret pc=0x0000000002836a14 method=java.lang.reflect.Method.equals(Ljava/lang/Object;)Z @ 49
Event: 7.150 Thread 0x00000000021d8000 Uncommon trap: reason=unreached action=reinterpret pc=0x00000000027f817c method=java.lang.reflect.Method.equals(Ljava/lang/Object;)Z @ 49
Event: 7.241 Thread 0x00000000021d8000 Uncommon trap: reason=class_check action=maybe_recompile pc=0x00000000027dc610 method=java.util.Arrays.copyOf([Ljava/lang/Object;ILjava/lang/Class;)[Ljava/lang/Object; @ 25
Event: 7.246 Thread 0x00000000021d8000 Uncommon trap: reason=class_check action=maybe_recompile pc=0x00000000027dc610 method=java.util.Arrays.copyOf([Ljava/lang/Object;ILjava/lang/Class;)[Ljava/lang/Object; @ 25
Event: 7.246 Thread 0x00000000021d8000 Uncommon trap: reason=bimorphic action=maybe_recompile pc=0x00000000027cb894 method=java.util.HashMap.<init>(IF)V @ 115
Event: 7.246 Thread 0x00000000021d8000 Uncommon trap: reason=bimorphic action=maybe_recompile pc=0x00000000026f3dec method=java.util.HashMap$EntrySet.iterator()Ljava/util/Iterator; @ 4
Event: 15.394 Thread 0x000000000d247000 Uncommon trap: reason=unreached action=reinterpret pc=0x00000000026ded98 method=java.io.BufferedReader.readLine(Z)Ljava/lang/String; @ 192
Event: 171.636 Thread 0x00000000021d8000 Uncommon trap: reason=bimorphic action=maybe_recompile pc=0x000000000272c0ac method=java.util.regex.Pattern$CharProperty.match(Ljava/util/regex/Matcher;ILjava/lang/CharSequence;)Z @ 37
Event: 171.636 Thread 0x00000000021d8000 Uncommon trap: reason=bimorphic action=maybe_recompile pc=0x000000000272c0ac method=java.util.regex.Pattern$CharProperty.match(Ljava/util/regex/Matcher;ILjava/lang/CharSequence;)Z @ 37
Event: 171.637 Thread 0x00000000021d8000 Uncommon trap: reason=bimorphic action=maybe_recompile pc=0x000000000272c0ac method=java.util.regex.Pattern$CharProperty.match(Ljava/util/regex/Matcher;ILjava/lang/CharSequence;)Z @ 37

Internal exceptions (10 events):
Event: 7.232 Thread 0x00000000021d8000 Threw 0x00000000ec019c60 at C:\re\jdk7u55\869\hotspot\src\share\vm\prims\jvm.cpp:1244
Event: 7.233 Thread 0x00000000021d8000 Threw 0x00000000ec020dd8 at C:\re\jdk7u55\869\hotspot\src\share\vm\prims\jvm.cpp:1244
Event: 7.234 Thread 0x00000000021d8000 Threw 0x00000000ec02cf10 at C:\re\jdk7u55\869\hotspot\src\share\vm\prims\jvm.cpp:1244
Event: 7.234 Thread 0x00000000021d8000 Threw 0x00000000ec031af8 at C:\re\jdk7u55\869\hotspot\src\share\vm\prims\jvm.cpp:1244
Event: 7.234 Thread 0x00000000021d8000 Threw 0x00000000ec036f08 at C:\re\jdk7u55\869\hotspot\src\share\vm\prims\jvm.cpp:1244
Event: 7.235 Thread 0x00000000021d8000 Threw 0x00000000ec03d038 at C:\re\jdk7u55\869\hotspot\src\share\vm\prims\jvm.cpp:1244
Event: 7.236 Thread 0x00000000021d8000 Threw 0x00000000ec041580 at C:\re\jdk7u55\869\hotspot\src\share\vm\prims\jvm.cpp:1244
Event: 7.241 Thread 0x00000000021d8000 Threw 0x00000000ec09e700 at C:\re\jdk7u55\869\hotspot\src\share\vm\prims\jvm.cpp:1244
Event: 7.243 Thread 0x00000000021d8000 Threw 0x00000000ec0ac6d0 at C:\re\jdk7u55\869\hotspot\src\share\vm\prims\jvm.cpp:1244
Event: 7.248 Thread 0x00000000021d8000 Threw 0x00000000ec10a520 at C:\re\jdk7u55\869\hotspot\src\share\vm\prims\jvm.cpp:1244

Events (10 events):
Event: 171.884 Executing VM operation: RevokeBias done
Event: 171.884 Thread 0x000000000ce1a800 Thread exited: 0x000000000ce1a800
Event: 171.884 Executing VM operation: RevokeBias
Event: 171.884 Executing VM operation: RevokeBias done
Event: 171.884 Thread 0x000000000d247000 Thread exited: 0x000000000d247000
Event: 171.884 Executing VM operation: RevokeBias
Event: 171.885 Executing VM operation: RevokeBias done
Event: 171.885 Executing VM operation: RevokeBias
Event: 171.885 Executing VM operation: RevokeBias done
Event: 171.885 Executing VM operation: RevokeBias


Dynamic libraries:
0x000000013f9c0000 - 0x000000013f9f3000 	C:\Program Files\Java\jdk1.7.0_55\bin\javaw.exe
0x0000000076e40000 - 0x0000000076fe9000 	C:\Windows\SYSTEM32\ntdll.dll
0x0000000076d20000 - 0x0000000076e3f000 	C:\Windows\system32\kernel32.dll
0x000007fefce10000 - 0x000007fefce7c000 	C:\Windows\system32\KERNELBASE.dll
0x000007fefd160000 - 0x000007fefd23b000 	C:\Windows\system32\ADVAPI32.dll
0x000007fefd440000 - 0x000007fefd4df000 	C:\Windows\system32\msvcrt.dll
0x000007fefdbc0000 - 0x000007fefdbdf000 	C:\Windows\SYSTEM32\sechost.dll
0x000007fefd4e0000 - 0x000007fefd60d000 	C:\Windows\system32\RPCRT4.dll
0x0000000076c20000 - 0x0000000076d1a000 	C:\Windows\system32\USER32.dll
0x000007fefdbe0000 - 0x000007fefdc47000 	C:\Windows\system32\GDI32.dll
0x000007fefd0b0000 - 0x000007fefd0be000 	C:\Windows\system32\LPK.dll
0x000007fefd350000 - 0x000007fefd419000 	C:\Windows\system32\USP10.dll
0x000007fefb740000 - 0x000007fefb934000 	C:\Windows\WinSxS\amd64_microsoft.windows.common-controls_6595b64144ccf1df_6.0.7601.17514_none_fa396087175ac9ac\COMCTL32.dll
0x000007fefdc80000 - 0x000007fefdcf1000 	C:\Windows\system32\SHLWAPI.dll
0x000007fefdc50000 - 0x000007fefdc7e000 	C:\Windows\system32\IMM32.DLL
0x000007fefd240000 - 0x000007fefd349000 	C:\Windows\system32\MSCTF.dll
0x00000000539d0000 - 0x0000000053aa2000 	C:\Program Files\Java\jdk1.7.0_55\jre\bin\msvcr100.dll
0x0000000053200000 - 0x00000000539c9000 	C:\Program Files\Java\jdk1.7.0_55\jre\bin\server\jvm.dll
0x000007fef7f20000 - 0x000007fef7f29000 	C:\Windows\system32\WSOCK32.dll
0x000007fefd770000 - 0x000007fefd7bd000 	C:\Windows\system32\WS2_32.dll
0x000007fefd900000 - 0x000007fefd908000 	C:\Windows\system32\NSI.dll
0x000007fef9cb0000 - 0x000007fef9ceb000 	C:\Windows\system32\WINMM.dll
0x0000000077010000 - 0x0000000077017000 	C:\Windows\system32\PSAPI.DLL
0x000000006eac0000 - 0x000000006eacf000 	C:\Program Files\Java\jdk1.7.0_55\jre\bin\verify.dll
0x0000000053b60000 - 0x0000000053b88000 	C:\Program Files\Java\jdk1.7.0_55\jre\bin\java.dll
0x0000000053b20000 - 0x0000000053b55000 	C:\Program Files\Java\jdk1.7.0_55\jre\bin\jdwp.dll
0x000000006eec0000 - 0x000000006eec8000 	C:\Program Files\Java\jdk1.7.0_55\jre\bin\npt.dll
0x0000000053b00000 - 0x0000000053b15000 	C:\Program Files\Java\jdk1.7.0_55\jre\bin\zip.dll
0x0000000053af0000 - 0x0000000053af9000 	C:\Program Files\Java\jdk1.7.0_55\jre\bin\dt_socket.dll
0x000007fefa710000 - 0x000007fefa725000 	C:\Windows\system32\NLAapi.dll
0x000007fef9670000 - 0x000007fef9685000 	C:\Windows\system32\napinsp.dll
0x000007fef9690000 - 0x000007fef96a9000 	C:\Windows\system32\pnrpnsp.dll
0x000007fefc430000 - 0x000007fefc485000 	C:\Windows\System32\mswsock.dll
0x000007fefc2b0000 - 0x000007fefc30b000 	C:\Windows\system32\DNSAPI.dll
0x000007fef9c50000 - 0x000007fef9c5b000 	C:\Windows\System32\winrnr.dll
0x000007fef9640000 - 0x000007fef966f000 	C:\Program Files\Common Files\Microsoft Shared\Windows Live\WLIDNSP.DLL
0x000007fefbd80000 - 0x000007fefbda7000 	C:\Windows\system32\IPHLPAPI.DLL
0x000007fefbd70000 - 0x000007fefbd7b000 	C:\Windows\system32\WINNSI.DLL
0x000007fefa270000 - 0x000007fefa2c3000 	C:\Windows\System32\fwpuclnt.dll
0x000007fef9630000 - 0x000007fef9638000 	C:\Windows\system32\rasadhlp.dll
0x000007fefbdb0000 - 0x000007fefbdee000 	C:\Program Files (x86)\Avira\AntiVir Desktop\avsda64.dll
0x000007fefbd50000 - 0x000007fefbd57000 	C:\Windows\System32\wshtcpip.dll
0x0000000053ad0000 - 0x0000000053ae9000 	C:\Program Files\Java\jdk1.7.0_55\jre\bin\net.dll
0x000007fefc420000 - 0x000007fefc427000 	C:\Windows\System32\wship6.dll
0x0000000053ab0000 - 0x0000000053ac1000 	C:\Program Files\Java\jdk1.7.0_55\jre\bin\nio.dll
0x000007fefca90000 - 0x000007fefcae7000 	C:\Windows\system32\apphelp.dll
0x000007fef7d90000 - 0x000007fef7eb5000 	C:\Windows\system32\dbghelp.dll

VM Arguments:
jvm_args: -agentlib:jdwp=transport=dt_socket,suspend=y,address=localhost:49993 -Dmaven.home=EMBEDDED -Dclassworlds.conf=D:\Eclipse\workspaces\KeplerWorkspaces\workspaceWebmon\.metadata\.plugins\org.eclipse.m2e.launching\launches\m2conf1070503313041331770.tmp -Dmaven.bootclasspath=/D:/Eclipse/Kepler/configuration/org.eclipse.osgi/bundles/535/1/.cp/jars/plexus-classworlds-2.4.jar -Dfile.encoding=Cp1252 
java_command: org.codehaus.plexus.classworlds.launcher.Launcher -B clean gwt:debug
Launcher Type: SUN_STANDARD

Environment Variables:
JAVA_HOME=C:\Program Files\Java\jdk1.7.0_55
PATH=C:\Program Files\Java\jdk1.7.0_55\jre\bin;C:\Program Files (x86)\AMD APP\bin\x86_64;C:\Program Files (x86)\AMD APP\bin\x86;C:\Program Files\Common Files\Microsoft Shared\Windows Live;C:\Program Files (x86)\Common Files\Microsoft Shared\Windows Live;C:\Windows\system32;C:\Windows;C:\Windows\System32\Wbem;C:\Windows\System32\WindowsPowerShell\v1.0\;C:\Program Files (x86)\ATI Technologies\ATI.ACE\Core-Static;C:\Program Files (x86)\Windows Live\Shared;C:\Program Files (x86)\Microsoft SQL Server\100\Tools\Binn\;C:\Program Files\Microsoft SQL Server\100\Tools\Binn\;C:\Program Files\Microsoft SQL Server\100\DTS\Binn\;C:\Program Files\TortoiseSVN\bin;E:\Workspaces\android-sdk\platform-tools;E:\Workspaces\android-sdk\tools;C:\Program Files\Microsoft SQL Server\110\Tools\Binn\;D:\apache-maven-3.2.1\bin
USERNAME=DaKing
OS=Windows_NT
PROCESSOR_IDENTIFIER=AMD64 Family 16 Model 4 Stepping 3, AuthenticAMD



---------------  S Y S T E M  ---------------

OS: Windows 7 , 64 bit Build 7601 Service Pack 1

CPU:total 4 (4 cores per cpu, 1 threads per core) family 16 model 4 stepping 3, cmov, cx8, fxsr, mmx, sse, sse2, sse3, popcnt, mmxext, 3dnowpref, lzcnt, sse4a, tsc, tscinvbit, tscinv

Memory: 4k page, physical 4184200k(1470296k free), swap 8366536k(3355840k free)

vm_info: Java HotSpot(TM) 64-Bit Server VM (24.55-b03) for windows-amd64 JRE (1.7.0_55-b13), built on Mar 17 2014 19:45:30 by "java_re" with unknown MS VC++:1600

time: Thu May 29 21:13:02 2014
elapsed time: 172 seconds

